[0.259s] Invoking command in '/home/charleszhang/ros_prac_ws/build/my_cpp_pkg': CMAKE_PREFIX_PATH=/opt/ros/foxy /usr/bin/cmake /home/charleszhang/ros_prac_ws/src/my_cpp_pkg -DCMAKE_INSTALL_PREFIX=/home/charleszhang/ros_prac_ws/install/my_cpp_pkg
[0.304s] -- The C compiler identification is GNU 9.4.0
[0.360s] -- The CXX compiler identification is GNU 9.4.0
[0.364s] -- Check for working C compiler: /usr/bin/cc
[0.449s] -- Check for working C compiler: /usr/bin/cc -- works
[0.450s] -- Detecting C compiler ABI info
[0.533s] -- Detecting C compiler ABI info - done
[0.549s] -- Detecting C compile features
[0.554s] -- Detecting C compile features - done
[0.554s] -- Check for working CXX compiler: /usr/bin/c++
[0.658s] -- Check for working CXX compiler: /usr/bin/c++ -- works
[0.659s] -- Detecting CXX compiler ABI info
[0.763s] -- Detecting CXX compiler ABI info - done
[0.781s] -- Detecting CXX compile features
[0.782s] -- Detecting CXX compile features - done
[0.786s] -- Found ament_cmake: 0.9.12 (/opt/ros/foxy/share/ament_cmake/cmake)
[0.811s] -- Found PythonInterp: /usr/bin/python3 (found suitable version "3.8.10", minimum required is "3") 
[0.811s] -- Using PYTHON_EXECUTABLE: /usr/bin/python3
[0.985s] -- Found rclcpp: 2.4.3 (/opt/ros/foxy/share/rclcpp/cmake)
[1.034s] -- Using all available rosidl_typesupport_c: rosidl_typesupport_fastrtps_c;rosidl_typesupport_introspection_c
[1.041s] -- Found rosidl_adapter: 1.3.1 (/opt/ros/foxy/share/rosidl_adapter/cmake)
[1.165s] -- Found OpenSSL: /usr/lib/x86_64-linux-gnu/libcrypto.so (found version "1.1.1f")  
[1.206s] -- Found FastRTPS: /opt/ros/foxy/include  
[1.298s] -- Using all available rosidl_typesupport_cpp: rosidl_typesupport_fastrtps_cpp;rosidl_typesupport_introspection_cpp
[1.361s] -- Found rmw_implementation_cmake: 1.0.4 (/opt/ros/foxy/share/rmw_implementation_cmake/cmake)
[1.362s] -- Using RMW implementation 'rmw_fastrtps_cpp' as default
[1.362s] -- Looking for pthread.h
[1.475s] -- Looking for pthread.h - found
[1.476s] -- Performing Test CMAKE_HAVE_LIBC_PTHREAD
[1.625s] -- Performing Test CMAKE_HAVE_LIBC_PTHREAD - Failed
[1.625s] -- Looking for pthread_create in pthreads
[1.745s] -- Looking for pthread_create in pthreads - not found
[1.749s] -- Looking for pthread_create in pthread
[1.884s] -- Looking for pthread_create in pthread - found
[1.885s] -- Found Threads: TRUE  
[2.081s] -- Found ament_lint_auto: 0.9.8 (/opt/ros/foxy/share/ament_lint_auto/cmake)
[2.154s] -- Added test 'copyright' to check source files copyright and LICENSE
[2.155s] -- Added test 'lint_cmake' to check CMake code style
[2.156s] -- Added test 'xmllint' to check XML markup files
[2.159s] -- Configuring done
[2.161s] -- Generating done
[2.162s] -- Build files have been written to: /home/charleszhang/ros_prac_ws/build/my_cpp_pkg
[2.174s] Invoked command in '/home/charleszhang/ros_prac_ws/build/my_cpp_pkg' returned '0': CMAKE_PREFIX_PATH=/opt/ros/foxy /usr/bin/cmake /home/charleszhang/ros_prac_ws/src/my_cpp_pkg -DCMAKE_INSTALL_PREFIX=/home/charleszhang/ros_prac_ws/install/my_cpp_pkg
[2.178s] Invoking command in '/home/charleszhang/ros_prac_ws/build/my_cpp_pkg': CMAKE_PREFIX_PATH=/opt/ros/foxy /usr/bin/cmake --build /home/charleszhang/ros_prac_ws/build/my_cpp_pkg -- -j14 -l14
[2.297s] Invoked command in '/home/charleszhang/ros_prac_ws/build/my_cpp_pkg' returned '0': CMAKE_PREFIX_PATH=/opt/ros/foxy /usr/bin/cmake --build /home/charleszhang/ros_prac_ws/build/my_cpp_pkg -- -j14 -l14
[2.348s] Invoking command in '/home/charleszhang/ros_prac_ws/build/my_cpp_pkg': CMAKE_PREFIX_PATH=/opt/ros/foxy /usr/bin/cmake --install /home/charleszhang/ros_prac_ws/build/my_cpp_pkg
[2.364s] -- Install configuration: ""
[2.365s] -- Installing: /home/charleszhang/ros_prac_ws/install/my_cpp_pkg/share/ament_index/resource_index/package_run_dependencies/my_cpp_pkg
[2.365s] -- Installing: /home/charleszhang/ros_prac_ws/install/my_cpp_pkg/share/ament_index/resource_index/parent_prefix_path/my_cpp_pkg
[2.366s] -- Installing: /home/charleszhang/ros_prac_ws/install/my_cpp_pkg/share/my_cpp_pkg/environment/ament_prefix_path.sh
[2.366s] -- Installing: /home/charleszhang/ros_prac_ws/install/my_cpp_pkg/share/my_cpp_pkg/environment/ament_prefix_path.dsv
[2.366s] -- Installing: /home/charleszhang/ros_prac_ws/install/my_cpp_pkg/share/my_cpp_pkg/environment/path.sh
[2.368s] -- Installing: /home/charleszhang/ros_prac_ws/install/my_cpp_pkg/share/my_cpp_pkg/environment/path.dsv
[2.398s] -- Installing: /home/charleszhang/ros_prac_ws/install/my_cpp_pkg/share/my_cpp_pkg/local_setup.bash
[2.406s] -- Installing: /home/charleszhang/ros_prac_ws/install/my_cpp_pkg/share/my_cpp_pkg/local_setup.sh
[2.406s] -- Installing: /home/charleszhang/ros_prac_ws/install/my_cpp_pkg/share/my_cpp_pkg/local_setup.zsh
[2.406s] -- Installing: /home/charleszhang/ros_prac_ws/install/my_cpp_pkg/share/my_cpp_pkg/local_setup.dsv
[2.408s] -- Installing: /home/charleszhang/ros_prac_ws/install/my_cpp_pkg/share/my_cpp_pkg/package.dsv
[2.410s] -- Installing: /home/charleszhang/ros_prac_ws/install/my_cpp_pkg/share/ament_index/resource_index/packages/my_cpp_pkg
[2.410s] -- Installing: /home/charleszhang/ros_prac_ws/install/my_cpp_pkg/share/my_cpp_pkg/cmake/my_cpp_pkgConfig.cmake
[2.411s] -- Installing: /home/charleszhang/ros_prac_ws/install/my_cpp_pkg/share/my_cpp_pkg/cmake/my_cpp_pkgConfig-version.cmake
[2.411s] -- Installing: /home/charleszhang/ros_prac_ws/install/my_cpp_pkg/share/my_cpp_pkg/package.xml
[2.412s] Invoked command in '/home/charleszhang/ros_prac_ws/build/my_cpp_pkg' returned '0': CMAKE_PREFIX_PATH=/opt/ros/foxy /usr/bin/cmake --install /home/charleszhang/ros_prac_ws/build/my_cpp_pkg
