[0.550s] Invoking command in '/home/charleszhang/ros_prac_ws/src/my_py_pkg': PYTHONPATH=/home/charleszhang/ros_prac_ws/build/my_py_pkg/prefix_override:/home/charleszhang/ros_prac_ws/install/my_py_pkg/lib/python3.8/site-packages:${PYTHONPATH} /usr/bin/python3 setup.py egg_info --egg-base ../../build/my_py_pkg build --build-base /home/charleszhang/ros_prac_ws/build/my_py_pkg/build install --record /home/charleszhang/ros_prac_ws/build/my_py_pkg/install.log --install-scripts $base/lib/my_py_pkg --single-version-externally-managed
[0.669s] running egg_info
[0.669s] writing ../../build/my_py_pkg/my_py_pkg.egg-info/PKG-INFO
[0.669s] writing dependency_links to ../../build/my_py_pkg/my_py_pkg.egg-info/dependency_links.txt
[0.669s] writing entry points to ../../build/my_py_pkg/my_py_pkg.egg-info/entry_points.txt
[0.669s] writing requirements to ../../build/my_py_pkg/my_py_pkg.egg-info/requires.txt
[0.670s] writing top-level names to ../../build/my_py_pkg/my_py_pkg.egg-info/top_level.txt
[0.688s] reading manifest file '../../build/my_py_pkg/my_py_pkg.egg-info/SOURCES.txt'
[0.689s] writing manifest file '../../build/my_py_pkg/my_py_pkg.egg-info/SOURCES.txt'
[0.689s] running build
[0.689s] running build_py
[0.690s] copying my_py_pkg/my_first_node.py -> /home/charleszhang/ros_prac_ws/build/my_py_pkg/build/lib/my_py_pkg
[0.690s] running install
[0.690s] running install_lib
[0.691s] copying /home/charleszhang/ros_prac_ws/build/my_py_pkg/build/lib/my_py_pkg/my_first_node.py -> /home/charleszhang/ros_prac_ws/install/my_py_pkg/lib/python3.8/site-packages/my_py_pkg
[0.691s] byte-compiling /home/charleszhang/ros_prac_ws/install/my_py_pkg/lib/python3.8/site-packages/my_py_pkg/my_first_node.py to my_first_node.cpython-38.pyc
[0.692s] running install_data
[0.693s] running install_egg_info
[0.693s] removing '/home/charleszhang/ros_prac_ws/install/my_py_pkg/lib/python3.8/site-packages/my_py_pkg-0.0.0-py3.8.egg-info' (and everything under it)
[0.694s] Copying ../../build/my_py_pkg/my_py_pkg.egg-info to /home/charleszhang/ros_prac_ws/install/my_py_pkg/lib/python3.8/site-packages/my_py_pkg-0.0.0-py3.8.egg-info
[0.694s] running install_scripts
[0.704s] Installing py_node script to /home/charleszhang/ros_prac_ws/install/my_py_pkg/lib/my_py_pkg
[0.705s] writing list of installed files to '/home/charleszhang/ros_prac_ws/build/my_py_pkg/install.log'
[0.719s] Invoked command in '/home/charleszhang/ros_prac_ws/src/my_py_pkg' returned '0': PYTHONPATH=/home/charleszhang/ros_prac_ws/build/my_py_pkg/prefix_override:/home/charleszhang/ros_prac_ws/install/my_py_pkg/lib/python3.8/site-packages:${PYTHONPATH} /usr/bin/python3 setup.py egg_info --egg-base ../../build/my_py_pkg build --build-base /home/charleszhang/ros_prac_ws/build/my_py_pkg/build install --record /home/charleszhang/ros_prac_ws/build/my_py_pkg/install.log --install-scripts $base/lib/my_py_pkg --single-version-externally-managed
