[1.052s] Invoking command in '/home/charleszhang/ros_prac_ws/src/my_py_pkg': PYTHONPATH=/home/charleszhang/ros_prac_ws/build/my_py_pkg/prefix_override:/home/charleszhang/ros_prac_ws/install/my_py_pkg/lib/python3.8/site-packages:${PYTHONPATH} /usr/bin/python3 setup.py egg_info --egg-base ../../build/my_py_pkg build --build-base /home/charleszhang/ros_prac_ws/build/my_py_pkg/build install --record /home/charleszhang/ros_prac_ws/build/my_py_pkg/install.log --install-scripts $base/lib/my_py_pkg --single-version-externally-managed
[1.215s] running egg_info
[1.216s] creating ../../build/my_py_pkg/my_py_pkg.egg-info
[1.216s] writing ../../build/my_py_pkg/my_py_pkg.egg-info/PKG-INFO
[1.216s] writing dependency_links to ../../build/my_py_pkg/my_py_pkg.egg-info/dependency_links.txt
[1.217s] writing entry points to ../../build/my_py_pkg/my_py_pkg.egg-info/entry_points.txt
[1.217s] writing requirements to ../../build/my_py_pkg/my_py_pkg.egg-info/requires.txt
[1.217s] writing top-level names to ../../build/my_py_pkg/my_py_pkg.egg-info/top_level.txt
[1.225s] writing manifest file '../../build/my_py_pkg/my_py_pkg.egg-info/SOURCES.txt'
[1.252s] reading manifest file '../../build/my_py_pkg/my_py_pkg.egg-info/SOURCES.txt'
[1.252s] writing manifest file '../../build/my_py_pkg/my_py_pkg.egg-info/SOURCES.txt'
[1.252s] running build
[1.252s] running build_py
[1.252s] creating /home/charleszhang/ros_prac_ws/build/my_py_pkg/build
[1.253s] creating /home/charleszhang/ros_prac_ws/build/my_py_pkg/build/lib
[1.253s] creating /home/charleszhang/ros_prac_ws/build/my_py_pkg/build/lib/my_py_pkg
[1.253s] copying my_py_pkg/__init__.py -> /home/charleszhang/ros_prac_ws/build/my_py_pkg/build/lib/my_py_pkg
[1.253s] running install
[1.253s] running install_lib
[1.254s] creating /home/charleszhang/ros_prac_ws/install/my_py_pkg/lib/python3.8/site-packages/my_py_pkg
[1.254s] copying /home/charleszhang/ros_prac_ws/build/my_py_pkg/build/lib/my_py_pkg/__init__.py -> /home/charleszhang/ros_prac_ws/install/my_py_pkg/lib/python3.8/site-packages/my_py_pkg
[1.255s] byte-compiling /home/charleszhang/ros_prac_ws/install/my_py_pkg/lib/python3.8/site-packages/my_py_pkg/__init__.py to __init__.cpython-38.pyc
[1.256s] running install_data
[1.257s] creating /home/charleszhang/ros_prac_ws/install/my_py_pkg/share/ament_index
[1.257s] creating /home/charleszhang/ros_prac_ws/install/my_py_pkg/share/ament_index/resource_index
[1.257s] creating /home/charleszhang/ros_prac_ws/install/my_py_pkg/share/ament_index/resource_index/packages
[1.257s] copying resource/my_py_pkg -> /home/charleszhang/ros_prac_ws/install/my_py_pkg/share/ament_index/resource_index/packages
[1.257s] copying package.xml -> /home/charleszhang/ros_prac_ws/install/my_py_pkg/share/my_py_pkg
[1.257s] running install_egg_info
[1.266s] Copying ../../build/my_py_pkg/my_py_pkg.egg-info to /home/charleszhang/ros_prac_ws/install/my_py_pkg/lib/python3.8/site-packages/my_py_pkg-0.0.0-py3.8.egg-info
[1.266s] running install_scripts
[1.281s] writing list of installed files to '/home/charleszhang/ros_prac_ws/build/my_py_pkg/install.log'
[1.303s] Invoked command in '/home/charleszhang/ros_prac_ws/src/my_py_pkg' returned '0': PYTHONPATH=/home/charleszhang/ros_prac_ws/build/my_py_pkg/prefix_override:/home/charleszhang/ros_prac_ws/install/my_py_pkg/lib/python3.8/site-packages:${PYTHONPATH} /usr/bin/python3 setup.py egg_info --egg-base ../../build/my_py_pkg build --build-base /home/charleszhang/ros_prac_ws/build/my_py_pkg/build install --record /home/charleszhang/ros_prac_ws/build/my_py_pkg/install.log --install-scripts $base/lib/my_py_pkg --single-version-externally-managed
