[0.102s] Invoking command in '/home/charleszhang/ros_prac_ws/build/my_cpp_pkg': CMAKE_PREFIX_PATH=${CMAKE_PREFIX_PATH}:/home/charleszhang/ros_prac_ws/install/my_py_pkg:/opt/ros/foxy /usr/bin/cmake --build /home/charleszhang/ros_prac_ws/build/my_cpp_pkg -- -j14 -l14
[0.185s] -- Found ament_cmake: 0.9.12 (/opt/ros/foxy/share/ament_cmake/cmake)
[0.212s] -- Using PYTHON_EXECUTABLE: /usr/bin/python3
[0.358s] -- Found rclcpp: 2.4.3 (/opt/ros/foxy/share/rclcpp/cmake)
[0.416s] -- Using all available rosidl_typesupport_c: rosidl_typesupport_fastrtps_c;rosidl_typesupport_introspection_c
[0.422s] -- Found rosidl_adapter: 1.3.1 (/opt/ros/foxy/share/rosidl_adapter/cmake)
[0.541s] -- Using all available rosidl_typesupport_cpp: rosidl_typesupport_fastrtps_cpp;rosidl_typesupport_introspection_cpp
[0.604s] -- Found rmw_implementation_cmake: 1.0.4 (/opt/ros/foxy/share/rmw_implementation_cmake/cmake)
[0.608s] -- Using RMW implementation 'rmw_fastrtps_cpp' as default
[0.786s] -- Configuring done
[0.798s] -- Generating done
[0.801s] -- Build files have been written to: /home/charleszhang/ros_prac_ws/build/my_cpp_pkg
[0.819s] [35m[1mScanning dependencies of target cpp_node[0m
[0.851s] [ 50%] [32mBuilding CXX object CMakeFiles/cpp_node.dir/src/my_first_node.cpp.o[0m
[2.164s] [100%] [32m[1mLinking CXX executable cpp_node[0m
[2.293s] [100%] Built target cpp_node
[2.306s] Invoked command in '/home/charleszhang/ros_prac_ws/build/my_cpp_pkg' returned '0': CMAKE_PREFIX_PATH=${CMAKE_PREFIX_PATH}:/home/charleszhang/ros_prac_ws/install/my_py_pkg:/opt/ros/foxy /usr/bin/cmake --build /home/charleszhang/ros_prac_ws/build/my_cpp_pkg -- -j14 -l14
[2.344s] Invoking command in '/home/charleszhang/ros_prac_ws/build/my_cpp_pkg': CMAKE_PREFIX_PATH=${CMAKE_PREFIX_PATH}:/home/charleszhang/ros_prac_ws/install/my_py_pkg:/opt/ros/foxy /usr/bin/cmake --install /home/charleszhang/ros_prac_ws/build/my_cpp_pkg
[2.350s] -- Install configuration: ""
[2.350s] -- Installing: /home/charleszhang/ros_prac_ws/install/my_cpp_pkg/lib/my_cpp_pkg/cpp_node
[2.350s] -- Set runtime path of "/home/charleszhang/ros_prac_ws/install/my_cpp_pkg/lib/my_cpp_pkg/cpp_node" to ""
[2.350s] -- Up-to-date: /home/charleszhang/ros_prac_ws/install/my_cpp_pkg/share/ament_index/resource_index/package_run_dependencies/my_cpp_pkg
[2.352s] -- Installing: /home/charleszhang/ros_prac_ws/install/my_cpp_pkg/share/ament_index/resource_index/parent_prefix_path/my_cpp_pkg
[2.352s] -- Up-to-date: /home/charleszhang/ros_prac_ws/install/my_cpp_pkg/share/my_cpp_pkg/environment/ament_prefix_path.sh
[2.353s] -- Installing: /home/charleszhang/ros_prac_ws/install/my_cpp_pkg/share/my_cpp_pkg/environment/ament_prefix_path.dsv
[2.353s] -- Up-to-date: /home/charleszhang/ros_prac_ws/install/my_cpp_pkg/share/my_cpp_pkg/environment/path.sh
[2.353s] -- Installing: /home/charleszhang/ros_prac_ws/install/my_cpp_pkg/share/my_cpp_pkg/environment/path.dsv
[2.353s] -- Up-to-date: /home/charleszhang/ros_prac_ws/install/my_cpp_pkg/share/my_cpp_pkg/local_setup.bash
[2.353s] -- Up-to-date: /home/charleszhang/ros_prac_ws/install/my_cpp_pkg/share/my_cpp_pkg/local_setup.sh
[2.353s] -- Up-to-date: /home/charleszhang/ros_prac_ws/install/my_cpp_pkg/share/my_cpp_pkg/local_setup.zsh
[2.353s] -- Installing: /home/charleszhang/ros_prac_ws/install/my_cpp_pkg/share/my_cpp_pkg/local_setup.dsv
[2.353s] -- Installing: /home/charleszhang/ros_prac_ws/install/my_cpp_pkg/share/my_cpp_pkg/package.dsv
[2.353s] -- Up-to-date: /home/charleszhang/ros_prac_ws/install/my_cpp_pkg/share/ament_index/resource_index/packages/my_cpp_pkg
[2.353s] -- Up-to-date: /home/charleszhang/ros_prac_ws/install/my_cpp_pkg/share/my_cpp_pkg/cmake/my_cpp_pkgConfig.cmake
[2.353s] -- Up-to-date: /home/charleszhang/ros_prac_ws/install/my_cpp_pkg/share/my_cpp_pkg/cmake/my_cpp_pkgConfig-version.cmake
[2.353s] -- Up-to-date: /home/charleszhang/ros_prac_ws/install/my_cpp_pkg/share/my_cpp_pkg/package.xml
[2.355s] Invoked command in '/home/charleszhang/ros_prac_ws/build/my_cpp_pkg' returned '0': CMAKE_PREFIX_PATH=${CMAKE_PREFIX_PATH}:/home/charleszhang/ros_prac_ws/install/my_py_pkg:/opt/ros/foxy /usr/bin/cmake --install /home/charleszhang/ros_prac_ws/build/my_cpp_pkg
