[1.801s] DEBUG:colcon:Command line arguments: ['/usr/bin/colcon', 'build']
[1.802s] DEBUG:colcon:Parsed command line arguments: Namespace(allow_overriding=[], ament_cmake_args=None, base_paths=['.'], build_base='build', catkin_cmake_args=None, catkin_skip_building_tests=False, cmake_args=None, cmake_clean_cache=False, cmake_clean_first=False, cmake_force_configure=False, cmake_target=None, cmake_target_skip_unavailable=False, continue_on_error=False, event_handlers=None, executor='parallel', ignore_user_meta=False, install_base='install', log_base=None, log_level=None, main=<bound method BuildVerb.main of <colcon_core.verb.build.BuildVerb object at 0x7f015222abe0>>, merge_install=False, metas=['./colcon.meta'], packages_above=None, packages_above_and_dependencies=None, packages_above_depth=None, packages_end=None, packages_ignore=None, packages_ignore_regex=None, packages_select=None, packages_select_build_failed=False, packages_select_by_dep=None, packages_select_regex=None, packages_select_test_failures=False, packages_skip=None, packages_skip_build_finished=False, packages_skip_by_dep=None, packages_skip_regex=None, packages_skip_test_passed=False, packages_skip_up_to=None, packages_start=None, packages_up_to=None, packages_up_to_regex=None, parallel_workers=14, paths=None, symlink_install=False, test_result_base=None, verb_extension=<colcon_core.verb.build.BuildVerb object at 0x7f015222abe0>, verb_name='build', verb_parser=<colcon_defaults.argument_parser.defaults.DefaultArgumentsDecorator object at 0x7f0151ede550>)
[1.884s] Level 1:colcon.colcon_core.package_discovery:discover_packages(colcon_meta) check parameters
[1.884s] Level 1:colcon.colcon_core.package_discovery:discover_packages(recursive) check parameters
[1.884s] Level 1:colcon.colcon_core.package_discovery:discover_packages(ignore) check parameters
[1.884s] Level 1:colcon.colcon_core.package_discovery:discover_packages(path) check parameters
[1.884s] Level 1:colcon.colcon_core.package_discovery:discover_packages(colcon_meta) discover
[1.884s] Level 1:colcon.colcon_core.package_discovery:discover_packages(recursive) discover
[1.885s] INFO:colcon.colcon_core.package_discovery:Crawling recursively for packages in '/home/charleszhang/ros_prac_ws'
[1.885s] Level 1:colcon.colcon_core.package_identification:_identify(.) by extensions ['ignore', 'ignore_ament_install']
[1.885s] Level 1:colcon.colcon_core.package_identification:_identify(.) by extension 'ignore'
[1.885s] Level 1:colcon.colcon_core.package_identification:_identify(.) by extension 'ignore_ament_install'
[1.885s] Level 1:colcon.colcon_core.package_identification:_identify(.) by extensions ['colcon_pkg']
[1.885s] Level 1:colcon.colcon_core.package_identification:_identify(.) by extension 'colcon_pkg'
[1.886s] Level 1:colcon.colcon_core.package_identification:_identify(.) by extensions ['colcon_meta']
[1.886s] Level 1:colcon.colcon_core.package_identification:_identify(.) by extension 'colcon_meta'
[1.886s] Level 1:colcon.colcon_core.package_identification:_identify(.) by extensions ['ros']
[1.886s] Level 1:colcon.colcon_core.package_identification:_identify(.) by extension 'ros'
[1.897s] Level 1:colcon.colcon_core.package_identification:_identify(.) by extensions ['cmake', 'python']
[1.898s] Level 1:colcon.colcon_core.package_identification:_identify(.) by extension 'cmake'
[1.898s] Level 1:colcon.colcon_core.package_identification:_identify(.) by extension 'python'
[1.898s] Level 1:colcon.colcon_core.package_identification:_identify(.) by extensions ['python_setup_py']
[1.898s] Level 1:colcon.colcon_core.package_identification:_identify(.) by extension 'python_setup_py'
[1.898s] Level 1:colcon.colcon_core.package_identification:_identify(build) by extensions ['ignore', 'ignore_ament_install']
[1.898s] Level 1:colcon.colcon_core.package_identification:_identify(build) by extension 'ignore'
[1.898s] Level 1:colcon.colcon_core.package_identification:_identify(build) ignored
[1.898s] Level 1:colcon.colcon_core.package_identification:_identify(install) by extensions ['ignore', 'ignore_ament_install']
[1.898s] Level 1:colcon.colcon_core.package_identification:_identify(install) by extension 'ignore'
[1.898s] Level 1:colcon.colcon_core.package_identification:_identify(install) ignored
[1.898s] Level 1:colcon.colcon_core.package_identification:_identify(log) by extensions ['ignore', 'ignore_ament_install']
[1.898s] Level 1:colcon.colcon_core.package_identification:_identify(log) by extension 'ignore'
[1.898s] Level 1:colcon.colcon_core.package_identification:_identify(log) ignored
[1.899s] Level 1:colcon.colcon_core.package_identification:_identify(src) by extensions ['ignore', 'ignore_ament_install']
[1.899s] Level 1:colcon.colcon_core.package_identification:_identify(src) by extension 'ignore'
[1.899s] Level 1:colcon.colcon_core.package_identification:_identify(src) by extension 'ignore_ament_install'
[1.899s] Level 1:colcon.colcon_core.package_identification:_identify(src) by extensions ['colcon_pkg']
[1.899s] Level 1:colcon.colcon_core.package_identification:_identify(src) by extension 'colcon_pkg'
[1.899s] Level 1:colcon.colcon_core.package_identification:_identify(src) by extensions ['colcon_meta']
[1.899s] Level 1:colcon.colcon_core.package_identification:_identify(src) by extension 'colcon_meta'
[1.899s] Level 1:colcon.colcon_core.package_identification:_identify(src) by extensions ['ros']
[1.899s] Level 1:colcon.colcon_core.package_identification:_identify(src) by extension 'ros'
[1.899s] Level 1:colcon.colcon_core.package_identification:_identify(src) by extensions ['cmake', 'python']
[1.899s] Level 1:colcon.colcon_core.package_identification:_identify(src) by extension 'cmake'
[1.899s] Level 1:colcon.colcon_core.package_identification:_identify(src) by extension 'python'
[1.899s] Level 1:colcon.colcon_core.package_identification:_identify(src) by extensions ['python_setup_py']
[1.899s] Level 1:colcon.colcon_core.package_identification:_identify(src) by extension 'python_setup_py'
[1.899s] Level 1:colcon.colcon_core.package_identification:_identify(src/my_py_pkg) by extensions ['ignore', 'ignore_ament_install']
[1.899s] Level 1:colcon.colcon_core.package_identification:_identify(src/my_py_pkg) by extension 'ignore'
[1.899s] Level 1:colcon.colcon_core.package_identification:_identify(src/my_py_pkg) by extension 'ignore_ament_install'
[1.899s] Level 1:colcon.colcon_core.package_identification:_identify(src/my_py_pkg) by extensions ['colcon_pkg']
[1.899s] Level 1:colcon.colcon_core.package_identification:_identify(src/my_py_pkg) by extension 'colcon_pkg'
[1.899s] Level 1:colcon.colcon_core.package_identification:_identify(src/my_py_pkg) by extensions ['colcon_meta']
[1.899s] Level 1:colcon.colcon_core.package_identification:_identify(src/my_py_pkg) by extension 'colcon_meta'
[1.899s] Level 1:colcon.colcon_core.package_identification:_identify(src/my_py_pkg) by extensions ['ros']
[1.899s] Level 1:colcon.colcon_core.package_identification:_identify(src/my_py_pkg) by extension 'ros'
[1.915s] DEBUG:colcon.colcon_core.package_identification:Package 'src/my_py_pkg' with type 'ros.ament_python' and name 'my_py_pkg'
[1.915s] Level 1:colcon.colcon_core.package_discovery:discover_packages(recursive) using defaults
[1.916s] Level 1:colcon.colcon_core.package_discovery:discover_packages(ignore) discover
[1.916s] Level 1:colcon.colcon_core.package_discovery:discover_packages(ignore) using defaults
[1.916s] Level 1:colcon.colcon_core.package_discovery:discover_packages(path) discover
[1.916s] Level 1:colcon.colcon_core.package_discovery:discover_packages(path) using defaults
[2.081s] Level 1:colcon.colcon_core.package_discovery:discover_packages(prefix_path) check parameters
[2.081s] Level 1:colcon.colcon_core.package_discovery:discover_packages(prefix_path) discover
[2.151s] DEBUG:colcon.colcon_installed_package_information.package_discovery:Found 0 installed packages in /home/charleszhang/ros_prac_ws/install
[2.181s] DEBUG:colcon.colcon_installed_package_information.package_discovery:Found 292 installed packages in /opt/ros/foxy
[2.182s] Level 1:colcon.colcon_core.package_discovery:discover_packages(prefix_path) using defaults
[2.301s] Level 5:colcon.colcon_core.verb:set package 'my_py_pkg' build argument 'cmake_args' from command line to 'None'
[2.301s] Level 5:colcon.colcon_core.verb:set package 'my_py_pkg' build argument 'cmake_target' from command line to 'None'
[2.301s] Level 5:colcon.colcon_core.verb:set package 'my_py_pkg' build argument 'cmake_target_skip_unavailable' from command line to 'False'
[2.301s] Level 5:colcon.colcon_core.verb:set package 'my_py_pkg' build argument 'cmake_clean_cache' from command line to 'False'
[2.301s] Level 5:colcon.colcon_core.verb:set package 'my_py_pkg' build argument 'cmake_clean_first' from command line to 'False'
[2.301s] Level 5:colcon.colcon_core.verb:set package 'my_py_pkg' build argument 'cmake_force_configure' from command line to 'False'
[2.301s] Level 5:colcon.colcon_core.verb:set package 'my_py_pkg' build argument 'ament_cmake_args' from command line to 'None'
[2.302s] Level 5:colcon.colcon_core.verb:set package 'my_py_pkg' build argument 'catkin_cmake_args' from command line to 'None'
[2.302s] Level 5:colcon.colcon_core.verb:set package 'my_py_pkg' build argument 'catkin_skip_building_tests' from command line to 'False'
[2.302s] DEBUG:colcon.colcon_core.verb:Building package 'my_py_pkg' with the following arguments: {'ament_cmake_args': None, 'build_base': '/home/charleszhang/ros_prac_ws/build/my_py_pkg', 'catkin_cmake_args': None, 'catkin_skip_building_tests': False, 'cmake_args': None, 'cmake_clean_cache': False, 'cmake_clean_first': False, 'cmake_force_configure': False, 'cmake_target': None, 'cmake_target_skip_unavailable': False, 'install_base': '/home/charleszhang/ros_prac_ws/install/my_py_pkg', 'merge_install': False, 'path': '/home/charleszhang/ros_prac_ws/src/my_py_pkg', 'symlink_install': False, 'test_result_base': None}
[2.330s] INFO:colcon.colcon_core.executor:Executing jobs using 'parallel' executor
[2.365s] DEBUG:colcon.colcon_parallel_executor.executor.parallel:run_until_complete
[2.365s] INFO:colcon.colcon_ros.task.ament_python.build:Building ROS package in '/home/charleszhang/ros_prac_ws/src/my_py_pkg' with build type 'ament_python'
[2.366s] Level 1:colcon.colcon_core.shell:create_environment_hook('my_py_pkg', 'ament_prefix_path')
[2.400s] INFO:colcon.colcon_core.plugin_system:Skipping extension 'colcon_core.shell.bat': Not used on non-Windows systems
[2.400s] INFO:colcon.colcon_core.shell:Creating environment hook '/home/charleszhang/ros_prac_ws/install/my_py_pkg/share/my_py_pkg/hook/ament_prefix_path.ps1'
[2.411s] INFO:colcon.colcon_core.shell:Creating environment descriptor '/home/charleszhang/ros_prac_ws/install/my_py_pkg/share/my_py_pkg/hook/ament_prefix_path.dsv'
[2.413s] INFO:colcon.colcon_core.shell:Creating environment hook '/home/charleszhang/ros_prac_ws/install/my_py_pkg/share/my_py_pkg/hook/ament_prefix_path.sh'
[2.444s] INFO:colcon.colcon_core.shell:Skip shell extension 'powershell' for command environment: Not usable outside of PowerShell
[2.444s] DEBUG:colcon.colcon_core.shell:Skip shell extension 'dsv' for command environment
[2.743s] INFO:colcon.colcon_core.task.python.build:Building Python package in '/home/charleszhang/ros_prac_ws/src/my_py_pkg'
[2.775s] INFO:colcon.colcon_core.shell:Skip shell extension 'powershell' for command environment: Not usable outside of PowerShell
[2.775s] DEBUG:colcon.colcon_core.shell:Skip shell extension 'dsv' for command environment
[3.418s] DEBUG:colcon.colcon_core.event_handler.log_command:Invoking command in '/home/charleszhang/ros_prac_ws/src/my_py_pkg': PYTHONPATH=/home/charleszhang/ros_prac_ws/build/my_py_pkg/prefix_override:/home/charleszhang/ros_prac_ws/install/my_py_pkg/lib/python3.8/site-packages:${PYTHONPATH} /usr/bin/python3 setup.py egg_info --egg-base ../../build/my_py_pkg build --build-base /home/charleszhang/ros_prac_ws/build/my_py_pkg/build install --record /home/charleszhang/ros_prac_ws/build/my_py_pkg/install.log --install-scripts $base/lib/my_py_pkg --single-version-externally-managed
[3.669s] DEBUG:colcon.colcon_core.event_handler.log_command:Invoked command in '/home/charleszhang/ros_prac_ws/src/my_py_pkg' returned '0': PYTHONPATH=/home/charleszhang/ros_prac_ws/build/my_py_pkg/prefix_override:/home/charleszhang/ros_prac_ws/install/my_py_pkg/lib/python3.8/site-packages:${PYTHONPATH} /usr/bin/python3 setup.py egg_info --egg-base ../../build/my_py_pkg build --build-base /home/charleszhang/ros_prac_ws/build/my_py_pkg/build install --record /home/charleszhang/ros_prac_ws/build/my_py_pkg/install.log --install-scripts $base/lib/my_py_pkg --single-version-externally-managed
[3.734s] Level 1:colcon.colcon_core.environment:checking '/home/charleszhang/ros_prac_ws/install/my_py_pkg' for CMake module files
[3.735s] Level 1:colcon.colcon_core.environment:checking '/home/charleszhang/ros_prac_ws/install/my_py_pkg' for CMake config files
[3.735s] Level 1:colcon.colcon_core.environment:checking '/home/charleszhang/ros_prac_ws/install/my_py_pkg/lib'
[3.736s] Level 1:colcon.colcon_core.environment:checking '/home/charleszhang/ros_prac_ws/install/my_py_pkg/bin'
[3.736s] Level 1:colcon.colcon_core.environment:checking '/home/charleszhang/ros_prac_ws/install/my_py_pkg/lib/pkgconfig/my_py_pkg.pc'
[3.736s] Level 1:colcon.colcon_core.environment:checking '/home/charleszhang/ros_prac_ws/install/my_py_pkg/lib/python3.8/site-packages'
[3.736s] Level 1:colcon.colcon_core.shell:create_environment_hook('my_py_pkg', 'pythonpath')
[3.765s] INFO:colcon.colcon_core.shell:Creating environment hook '/home/charleszhang/ros_prac_ws/install/my_py_pkg/share/my_py_pkg/hook/pythonpath.ps1'
[3.765s] INFO:colcon.colcon_core.shell:Creating environment descriptor '/home/charleszhang/ros_prac_ws/install/my_py_pkg/share/my_py_pkg/hook/pythonpath.dsv'
[3.766s] INFO:colcon.colcon_core.shell:Creating environment hook '/home/charleszhang/ros_prac_ws/install/my_py_pkg/share/my_py_pkg/hook/pythonpath.sh'
[3.766s] Level 1:colcon.colcon_core.environment:checking '/home/charleszhang/ros_prac_ws/install/my_py_pkg/bin'
[3.766s] Level 1:colcon.colcon_core.environment:create_environment_scripts_only(my_py_pkg)
[3.795s] INFO:colcon.colcon_core.shell:Creating package script '/home/charleszhang/ros_prac_ws/install/my_py_pkg/share/my_py_pkg/package.ps1'
[3.798s] INFO:colcon.colcon_core.shell:Creating package descriptor '/home/charleszhang/ros_prac_ws/install/my_py_pkg/share/my_py_pkg/package.dsv'
[3.799s] INFO:colcon.colcon_core.shell:Creating package script '/home/charleszhang/ros_prac_ws/install/my_py_pkg/share/my_py_pkg/package.sh'
[3.801s] INFO:colcon.colcon_core.shell:Creating package script '/home/charleszhang/ros_prac_ws/install/my_py_pkg/share/my_py_pkg/package.bash'
[3.802s] INFO:colcon.colcon_core.shell:Creating package script '/home/charleszhang/ros_prac_ws/install/my_py_pkg/share/my_py_pkg/package.zsh'
[3.803s] Level 1:colcon.colcon_core.environment:create_file_with_runtime_dependencies(/home/charleszhang/ros_prac_ws/install/my_py_pkg/share/colcon-core/packages/my_py_pkg)
[3.804s] DEBUG:colcon.colcon_parallel_executor.executor.parallel:closing loop
[3.804s] DEBUG:colcon.colcon_parallel_executor.executor.parallel:loop closed
[3.804s] DEBUG:colcon.colcon_parallel_executor.executor.parallel:run_until_complete finished with '0'
[3.804s] DEBUG:colcon.colcon_core.event_reactor:joining thread
[3.844s] INFO:colcon.colcon_core.plugin_system:Skipping extension 'colcon_notification.desktop_notification.terminal_notifier': Not used on non-Darwin systems
[3.844s] INFO:colcon.colcon_core.plugin_system:Skipping extension 'colcon_notification.desktop_notification.win32': Not used on non-Windows systems
[3.844s] INFO:colcon.colcon_notification.desktop_notification:Sending desktop notification using 'notify2'
[3.885s] DEBUG:colcon.colcon_core.event_reactor:joined thread
[3.937s] INFO:colcon.colcon_core.shell:Creating prefix script '/home/charleszhang/ros_prac_ws/install/local_setup.ps1'
[3.939s] INFO:colcon.colcon_core.shell:Creating prefix util module '/home/charleszhang/ros_prac_ws/install/_local_setup_util_ps1.py'
[3.940s] INFO:colcon.colcon_core.shell:Creating prefix chain script '/home/charleszhang/ros_prac_ws/install/setup.ps1'
[3.980s] INFO:colcon.colcon_core.shell:Creating prefix script '/home/charleszhang/ros_prac_ws/install/local_setup.sh'
[3.981s] INFO:colcon.colcon_core.shell:Creating prefix util module '/home/charleszhang/ros_prac_ws/install/_local_setup_util_sh.py'
[3.982s] INFO:colcon.colcon_core.shell:Creating prefix chain script '/home/charleszhang/ros_prac_ws/install/setup.sh'
[4.011s] INFO:colcon.colcon_core.shell:Creating prefix script '/home/charleszhang/ros_prac_ws/install/local_setup.bash'
[4.012s] INFO:colcon.colcon_core.shell:Creating prefix chain script '/home/charleszhang/ros_prac_ws/install/setup.bash'
[4.043s] INFO:colcon.colcon_core.shell:Creating prefix script '/home/charleszhang/ros_prac_ws/install/local_setup.zsh'
[4.044s] INFO:colcon.colcon_core.shell:Creating prefix chain script '/home/charleszhang/ros_prac_ws/install/setup.zsh'
