[0.836s] Invoking command in '/home/charleszhang/ros_prac_ws/src/my_py_pkg': PYTHONPATH=/home/charleszhang/ros_prac_ws/build/my_py_pkg/prefix_override:/home/charleszhang/ros_prac_ws/install/my_py_pkg/lib/python3.8/site-packages:${PYTHONPATH} /usr/bin/python3 setup.py egg_info --egg-base ../../build/my_py_pkg build --build-base /home/charleszhang/ros_prac_ws/build/my_py_pkg/build install --record /home/charleszhang/ros_prac_ws/build/my_py_pkg/install.log --install-scripts $base/lib/my_py_pkg --single-version-externally-managed
[1.003s] running egg_info
[1.003s] writing ../../build/my_py_pkg/my_py_pkg.egg-info/PKG-INFO
[1.004s] writing dependency_links to ../../build/my_py_pkg/my_py_pkg.egg-info/dependency_links.txt
[1.005s] writing entry points to ../../build/my_py_pkg/my_py_pkg.egg-info/entry_points.txt
[1.005s] writing requirements to ../../build/my_py_pkg/my_py_pkg.egg-info/requires.txt
[1.005s] writing top-level names to ../../build/my_py_pkg/my_py_pkg.egg-info/top_level.txt
[1.034s] reading manifest file '../../build/my_py_pkg/my_py_pkg.egg-info/SOURCES.txt'
[1.035s] writing manifest file '../../build/my_py_pkg/my_py_pkg.egg-info/SOURCES.txt'
[1.035s] running build
[1.035s] running build_py
[1.035s] copying my_py_pkg/my_first_node.py -> /home/charleszhang/ros_prac_ws/build/my_py_pkg/build/lib/my_py_pkg
[1.036s] running install
[1.036s] running install_lib
[1.038s] copying /home/charleszhang/ros_prac_ws/build/my_py_pkg/build/lib/my_py_pkg/my_first_node.py -> /home/charleszhang/ros_prac_ws/install/my_py_pkg/lib/python3.8/site-packages/my_py_pkg
[1.038s] byte-compiling /home/charleszhang/ros_prac_ws/install/my_py_pkg/lib/python3.8/site-packages/my_py_pkg/my_first_node.py to my_first_node.cpython-38.pyc
[1.039s] running install_data
[1.039s] running install_egg_info
[1.041s] removing '/home/charleszhang/ros_prac_ws/install/my_py_pkg/lib/python3.8/site-packages/my_py_pkg-0.0.0-py3.8.egg-info' (and everything under it)
[1.041s] Copying ../../build/my_py_pkg/my_py_pkg.egg-info to /home/charleszhang/ros_prac_ws/install/my_py_pkg/lib/python3.8/site-packages/my_py_pkg-0.0.0-py3.8.egg-info
[1.042s] running install_scripts
[1.057s] Installing py_node script to /home/charleszhang/ros_prac_ws/install/my_py_pkg/lib/my_py_pkg
[1.058s] writing list of installed files to '/home/charleszhang/ros_prac_ws/build/my_py_pkg/install.log'
[1.078s] Invoked command in '/home/charleszhang/ros_prac_ws/src/my_py_pkg' returned '0': PYTHONPATH=/home/charleszhang/ros_prac_ws/build/my_py_pkg/prefix_override:/home/charleszhang/ros_prac_ws/install/my_py_pkg/lib/python3.8/site-packages:${PYTHONPATH} /usr/bin/python3 setup.py egg_info --egg-base ../../build/my_py_pkg build --build-base /home/charleszhang/ros_prac_ws/build/my_py_pkg/build install --record /home/charleszhang/ros_prac_ws/build/my_py_pkg/install.log --install-scripts $base/lib/my_py_pkg --single-version-externally-managed
