[0.106s] Invoking command in '/home/charleszhang/ros_prac_ws/build/my_cpp_pkg': CMAKE_PREFIX_PATH=${CMAKE_PREFIX_PATH}:/home/charleszhang/ros_prac_ws/install/my_py_pkg:/opt/ros/foxy /usr/bin/cmake --build /home/charleszhang/ros_prac_ws/build/my_cpp_pkg -- -j14 -l14
[0.161s] [35m[1mScanning dependencies of target cpp_node[0m
[0.177s] [ 50%] [32mBuilding CXX object CMakeFiles/cpp_node.dir/src/my_first_node.cpp.o[0m
[1.173s] [100%] [32m[1mLinking CXX executable cpp_node[0m
[1.247s] [100%] Built target cpp_node
[1.257s] Invoked command in '/home/charleszhang/ros_prac_ws/build/my_cpp_pkg' returned '0': CMAKE_PREFIX_PATH=${CMAKE_PREFIX_PATH}:/home/charleszhang/ros_prac_ws/install/my_py_pkg:/opt/ros/foxy /usr/bin/cmake --build /home/charleszhang/ros_prac_ws/build/my_cpp_pkg -- -j14 -l14
[1.291s] Invoking command in '/home/charleszhang/ros_prac_ws/build/my_cpp_pkg': CMAKE_PREFIX_PATH=${CMAKE_PREFIX_PATH}:/home/charleszhang/ros_prac_ws/install/my_py_pkg:/opt/ros/foxy /usr/bin/cmake --install /home/charleszhang/ros_prac_ws/build/my_cpp_pkg
[1.298s] -- Install configuration: ""
[1.298s] -- Installing: /home/charleszhang/ros_prac_ws/install/my_cpp_pkg/lib/my_cpp_pkg/cpp_node
[1.298s] -- Set runtime path of "/home/charleszhang/ros_prac_ws/install/my_cpp_pkg/lib/my_cpp_pkg/cpp_node" to ""
[1.298s] -- Up-to-date: /home/charleszhang/ros_prac_ws/install/my_cpp_pkg/share/ament_index/resource_index/package_run_dependencies/my_cpp_pkg
[1.298s] -- Up-to-date: /home/charleszhang/ros_prac_ws/install/my_cpp_pkg/share/ament_index/resource_index/parent_prefix_path/my_cpp_pkg
[1.299s] -- Up-to-date: /home/charleszhang/ros_prac_ws/install/my_cpp_pkg/share/my_cpp_pkg/environment/ament_prefix_path.sh
[1.299s] -- Up-to-date: /home/charleszhang/ros_prac_ws/install/my_cpp_pkg/share/my_cpp_pkg/environment/ament_prefix_path.dsv
[1.299s] -- Up-to-date: /home/charleszhang/ros_prac_ws/install/my_cpp_pkg/share/my_cpp_pkg/environment/path.sh
[1.299s] -- Up-to-date: /home/charleszhang/ros_prac_ws/install/my_cpp_pkg/share/my_cpp_pkg/environment/path.dsv
[1.299s] -- Up-to-date: /home/charleszhang/ros_prac_ws/install/my_cpp_pkg/share/my_cpp_pkg/local_setup.bash
[1.299s] -- Up-to-date: /home/charleszhang/ros_prac_ws/install/my_cpp_pkg/share/my_cpp_pkg/local_setup.sh
[1.299s] -- Up-to-date: /home/charleszhang/ros_prac_ws/install/my_cpp_pkg/share/my_cpp_pkg/local_setup.zsh
[1.299s] -- Up-to-date: /home/charleszhang/ros_prac_ws/install/my_cpp_pkg/share/my_cpp_pkg/local_setup.dsv
[1.299s] -- Installing: /home/charleszhang/ros_prac_ws/install/my_cpp_pkg/share/my_cpp_pkg/package.dsv
[1.299s] -- Up-to-date: /home/charleszhang/ros_prac_ws/install/my_cpp_pkg/share/ament_index/resource_index/packages/my_cpp_pkg
[1.299s] -- Up-to-date: /home/charleszhang/ros_prac_ws/install/my_cpp_pkg/share/my_cpp_pkg/cmake/my_cpp_pkgConfig.cmake
[1.299s] -- Up-to-date: /home/charleszhang/ros_prac_ws/install/my_cpp_pkg/share/my_cpp_pkg/cmake/my_cpp_pkgConfig-version.cmake
[1.299s] -- Up-to-date: /home/charleszhang/ros_prac_ws/install/my_cpp_pkg/share/my_cpp_pkg/package.xml
[1.301s] Invoked command in '/home/charleszhang/ros_prac_ws/build/my_cpp_pkg' returned '0': CMAKE_PREFIX_PATH=${CMAKE_PREFIX_PATH}:/home/charleszhang/ros_prac_ws/install/my_py_pkg:/opt/ros/foxy /usr/bin/cmake --install /home/charleszhang/ros_prac_ws/build/my_cpp_pkg
