[0.781s] Invoking command in '/home/charleszhang/ros_prac_ws/src/my_py_pkg': PYTHONPATH=/home/charleszhang/ros_prac_ws/build/my_py_pkg/prefix_override:/home/charleszhang/ros_prac_ws/install/my_py_pkg/lib/python3.8/site-packages:${PYTHONPATH} /usr/bin/python3 setup.py egg_info --egg-base ../../build/my_py_pkg build --build-base /home/charleszhang/ros_prac_ws/build/my_py_pkg/build install --record /home/charleszhang/ros_prac_ws/build/my_py_pkg/install.log --install-scripts $base/lib/my_py_pkg --single-version-externally-managed
[0.920s] running egg_info
[0.920s] writing ../../build/my_py_pkg/my_py_pkg.egg-info/PKG-INFO
[0.920s] writing dependency_links to ../../build/my_py_pkg/my_py_pkg.egg-info/dependency_links.txt
[0.921s] writing entry points to ../../build/my_py_pkg/my_py_pkg.egg-info/entry_points.txt
[0.921s] writing requirements to ../../build/my_py_pkg/my_py_pkg.egg-info/requires.txt
[0.921s] writing top-level names to ../../build/my_py_pkg/my_py_pkg.egg-info/top_level.txt
[0.940s] reading manifest file '../../build/my_py_pkg/my_py_pkg.egg-info/SOURCES.txt'
[0.941s] writing manifest file '../../build/my_py_pkg/my_py_pkg.egg-info/SOURCES.txt'
[0.941s] running build
[0.941s] running build_py
[0.941s] copying my_py_pkg/my_first_node.py -> /home/charleszhang/ros_prac_ws/build/my_py_pkg/build/lib/my_py_pkg
[0.941s] running install
[0.942s] running install_lib
[0.943s] copying /home/charleszhang/ros_prac_ws/build/my_py_pkg/build/lib/my_py_pkg/my_first_node.py -> /home/charleszhang/ros_prac_ws/install/my_py_pkg/lib/python3.8/site-packages/my_py_pkg
[0.943s] byte-compiling /home/charleszhang/ros_prac_ws/install/my_py_pkg/lib/python3.8/site-packages/my_py_pkg/my_first_node.py to my_first_node.cpython-38.pyc
[0.944s] running install_data
[0.944s] running install_egg_info
[0.945s] removing '/home/charleszhang/ros_prac_ws/install/my_py_pkg/lib/python3.8/site-packages/my_py_pkg-0.0.0-py3.8.egg-info' (and everything under it)
[0.946s] Copying ../../build/my_py_pkg/my_py_pkg.egg-info to /home/charleszhang/ros_prac_ws/install/my_py_pkg/lib/python3.8/site-packages/my_py_pkg-0.0.0-py3.8.egg-info
[0.946s] running install_scripts
[0.956s] Installing py_node script to /home/charleszhang/ros_prac_ws/install/my_py_pkg/lib/my_py_pkg
[0.957s] writing list of installed files to '/home/charleszhang/ros_prac_ws/build/my_py_pkg/install.log'
[0.970s] Invoked command in '/home/charleszhang/ros_prac_ws/src/my_py_pkg' returned '0': PYTHONPATH=/home/charleszhang/ros_prac_ws/build/my_py_pkg/prefix_override:/home/charleszhang/ros_prac_ws/install/my_py_pkg/lib/python3.8/site-packages:${PYTHONPATH} /usr/bin/python3 setup.py egg_info --egg-base ../../build/my_py_pkg build --build-base /home/charleszhang/ros_prac_ws/build/my_py_pkg/build install --record /home/charleszhang/ros_prac_ws/build/my_py_pkg/install.log --install-scripts $base/lib/my_py_pkg --single-version-externally-managed
